<html>
<head>
<title>TestNG:  Test77</title>
<link href="../testng.css" rel="stylesheet" type="text/css" />
<link href="../my-testng.css" rel="stylesheet" type="text/css" />

<style type="text/css">
.log { display: none;} 
.stack-trace { display: none;} 
</style>
<script type="text/javascript">
<!--
function flip(e) {
  current = e.style.display;
  if (current == 'block') {
    e.style.display = 'none';
    return 0;
  }
  else {
    e.style.display = 'block';
    return 1;
  }
}

function toggleBox(szDivId, elem, msg1, msg2)
{
  var res = -1;  if (document.getElementById) {
    res = flip(document.getElementById(szDivId));
  }
  else if (document.all) {
    // this is the way old msie versions work
    res = flip(document.all[szDivId]);
  }
  if(elem) {
    if(res == 0) elem.innerHTML = msg1; else elem.innerHTML = msg2;
  }

}

function toggleAllBoxes() {
  if (document.getElementsByTagName) {
    d = document.getElementsByTagName('div');
    for (i = 0; i < d.length; i++) {
      if (d[i].className == 'log') {
        flip(d[i]);
      }
    }
  }
}

// -->
</script>

</head>
<body>
<h2 align='center'>Test77</h2><table border='1' align="center">
<tr>
<td>Tests passed/Failed/Skipped:</td><td>0/0/12</td>
</tr><tr>
<td>Started on:</td><td>Thu Nov 21 09:52:47 IST 2019</td>
</tr>
<tr><td>Total time:</td><td>6 seconds (6828 ms)</td>
</tr><tr>
<td>Included groups:</td><td></td>
</tr><tr>
<td>Excluded groups:</td><td></td>
</tr>
</table><p/>
<small><i>(Hover the method name to see the test class name)</i></small><p/>
<table width='100%' border='1' class='invocation-failed'>
<tr><td colspan='4' align='center'><b>FAILED CONFIGURATIONS</b></td></tr>
<tr><td><b>Test method</b></td>
<td width="30%"><b>Exception</b></td>
<td width="10%"><b>Time (seconds)</b></td>
<td><b>Instance</b></td>
</tr>
<tr>
<td title='com.acc.selenium_21_aug.Frame_DEMO_SELENIUMHQ.start()'><b>start</b><br>Test class: com.acc.selenium_21_aug.Frame_DEMO_SELENIUMHQ</td>
<td><div><pre>org.openqa.selenium.SessionNotCreatedException: session not created: This version of ChromeDriver only supports Chrome version 76
Build info: version: &apos;3.141.59&apos;, revision: &apos;e82be7d358&apos;, time: &apos;2018-11-14T08:25:48&apos;
System info: host: &apos;DDC5-L-2J9T5Q2&apos;, ip: &apos;10.214.142.28&apos;, os.name: &apos;Windows 10&apos;, os.arch: &apos;x86&apos;, os.version: &apos;10.0&apos;, java.version: &apos;1.8.0_231&apos;
Driver info: driver.version: ChromeDriver
remote stacktrace: Backtrace:
	Ordinal0 [0x001A7C53+1473619]
	Ordinal0 [0x0012AD71+961905]
	Ordinal0 [0x000B42B3+475827]
	Ordinal0 [0x0004F365+62309]
	Ordinal0 [0x0004BC77+48247]
	Ordinal0 [0x00069149+168265]
	Ordinal0 [0x00068D1D+167197]
	Ordinal0 [0x0006742B+160811]
	Ordinal0 [0x00050AE6+68326]
	Ordinal0 [0x00051BF0+72688]
	Ordinal0 [0x00051B89+72585]
	Ordinal0 [0x00144B37+1067831]
	GetHandleVerifier [0x00246845+506677]
	GetHandleVerifier [0x002465E0+506064]
	GetHandleVerifier [0x0024D188+533624]
	GetHandleVerifier [0x0024701A+508682]
	Ordinal0 [0x0013C226+1032742]
	Ordinal0 [0x0013C09F+1032351]
	Ordinal0 [0x00146A4B+1075787]
	Ordinal0 [0x00146BB3+1076147]
	Ordinal0 [0x00145B65+1071973]
	BaseThreadInitThunk [0x76656359+25]
	RtlGetAppContainerNamedObjectPath [0x770A7B74+228]
	RtlGetAppContainerNamedObjectPath [0x770A7B44+180]
	(No symbol) [0x00000000]

	at org.openqa.selenium.remote.W3CHandshakeResponse.lambda$errorHandler$0(W3CHandshakeResponse.java:62)
	at org.openqa.selenium.remote.HandshakeResponse.lambda$getResponseFunction$0(HandshakeResponse.java:30)
	at org.openqa.selenium.remote.ProtocolHandshake.lambda$createSession$0(ProtocolHandshake.java:126)
	at java.util.stream.ReferencePipeline$3$1.accept(Unknown Source)
	at java.util.Spliterators$ArraySpliterator.tryAdvance(Unknown Source)
	at java.util.stream.ReferencePipeline.forEachWithCancel(Unknown Source)
	at java.util.stream.AbstractPipeline.copyIntoWithCancel(Unknown Source)
	at java.util.stream.AbstractPipeline.copyInto(Unknown Source)
	at java.util.stream.AbstractPipeline.wrapAndCopyInto(Unknown Source)
	at java.util.stream.FindOps$FindOp.evaluateSequential(Unknown Source)
	at java.util.stream.AbstractPipeline.evaluate(Unknown Source)
	at java.util.stream.ReferencePipeline.findFirst(Unknown Source)
	at org.openqa.selenium.remote.ProtocolHandshake.createSession(ProtocolHandshake.java:128)
	at org.openqa.selenium.remote.ProtocolHandshake.createSession(ProtocolHandshake.java:74)
	at org.openqa.selenium.remote.HttpCommandExecutor.execute(HttpCommandExecutor.java:136)
	at org.openqa.selenium.remote.service.DriverCommandExecutor.execute(DriverCommandExecutor.java:83)
	at org.openqa.selenium.remote.RemoteWebDriver.execute(RemoteWebDriver.java:552)
	at org.openqa.selenium.remote.RemoteWebDriver.startSession(RemoteWebDriver.java:213)
	at org.openqa.selenium.remote.RemoteWebDriver.&lt;init&gt;(RemoteWebDriver.java:131)
	at org.openqa.selenium.chrome.ChromeDriver.&lt;init&gt;(ChromeDriver.java:181)
	at org.openqa.selenium.chrome.ChromeDriver.&lt;init&gt;(ChromeDriver.java:168)
	at org.openqa.selenium.chrome.ChromeDriver.&lt;init&gt;(ChromeDriver.java:123)
	at com.acc.selenium_21_aug.Frame_DEMO_SELENIUMHQ.start(Frame_DEMO_SELENIUMHQ.java:15)
... Removed 26 stack frames</pre></div><a href='#' onClick='toggleBox("stack-trace30734581", this, "Click to show all stack frames", "Click to hide stack frames")'>Click to show all stack frames</a>
<div class='stack-trace' id='stack-trace30734581'><pre>org.openqa.selenium.SessionNotCreatedException: session not created: This version of ChromeDriver only supports Chrome version 76
Build info: version: &apos;3.141.59&apos;, revision: &apos;e82be7d358&apos;, time: &apos;2018-11-14T08:25:48&apos;
System info: host: &apos;DDC5-L-2J9T5Q2&apos;, ip: &apos;10.214.142.28&apos;, os.name: &apos;Windows 10&apos;, os.arch: &apos;x86&apos;, os.version: &apos;10.0&apos;, java.version: &apos;1.8.0_231&apos;
Driver info: driver.version: ChromeDriver
remote stacktrace: Backtrace:
	Ordinal0 [0x001A7C53+1473619]
	Ordinal0 [0x0012AD71+961905]
	Ordinal0 [0x000B42B3+475827]
	Ordinal0 [0x0004F365+62309]
	Ordinal0 [0x0004BC77+48247]
	Ordinal0 [0x00069149+168265]
	Ordinal0 [0x00068D1D+167197]
	Ordinal0 [0x0006742B+160811]
	Ordinal0 [0x00050AE6+68326]
	Ordinal0 [0x00051BF0+72688]
	Ordinal0 [0x00051B89+72585]
	Ordinal0 [0x00144B37+1067831]
	GetHandleVerifier [0x00246845+506677]
	GetHandleVerifier [0x002465E0+506064]
	GetHandleVerifier [0x0024D188+533624]
	GetHandleVerifier [0x0024701A+508682]
	Ordinal0 [0x0013C226+1032742]
	Ordinal0 [0x0013C09F+1032351]
	Ordinal0 [0x00146A4B+1075787]
	Ordinal0 [0x00146BB3+1076147]
	Ordinal0 [0x00145B65+1071973]
	BaseThreadInitThunk [0x76656359+25]
	RtlGetAppContainerNamedObjectPath [0x770A7B74+228]
	RtlGetAppContainerNamedObjectPath [0x770A7B44+180]
	(No symbol) [0x00000000]

	at sun.reflect.NativeConstructorAccessorImpl.newInstance0(Native Method)
	at sun.reflect.NativeConstructorAccessorImpl.newInstance(Unknown Source)
	at sun.reflect.DelegatingConstructorAccessorImpl.newInstance(Unknown Source)
	at java.lang.reflect.Constructor.newInstance(Unknown Source)
	at org.openqa.selenium.remote.W3CHandshakeResponse.lambda$errorHandler$0(W3CHandshakeResponse.java:62)
	at org.openqa.selenium.remote.HandshakeResponse.lambda$getResponseFunction$0(HandshakeResponse.java:30)
	at org.openqa.selenium.remote.ProtocolHandshake.lambda$createSession$0(ProtocolHandshake.java:126)
	at java.util.stream.ReferencePipeline$3$1.accept(Unknown Source)
	at java.util.Spliterators$ArraySpliterator.tryAdvance(Unknown Source)
	at java.util.stream.ReferencePipeline.forEachWithCancel(Unknown Source)
	at java.util.stream.AbstractPipeline.copyIntoWithCancel(Unknown Source)
	at java.util.stream.AbstractPipeline.copyInto(Unknown Source)
	at java.util.stream.AbstractPipeline.wrapAndCopyInto(Unknown Source)
	at java.util.stream.FindOps$FindOp.evaluateSequential(Unknown Source)
	at java.util.stream.AbstractPipeline.evaluate(Unknown Source)
	at java.util.stream.ReferencePipeline.findFirst(Unknown Source)
	at org.openqa.selenium.remote.ProtocolHandshake.createSession(ProtocolHandshake.java:128)
	at org.openqa.selenium.remote.ProtocolHandshake.createSession(ProtocolHandshake.java:74)
	at org.openqa.selenium.remote.HttpCommandExecutor.execute(HttpCommandExecutor.java:136)
	at org.openqa.selenium.remote.service.DriverCommandExecutor.execute(DriverCommandExecutor.java:83)
	at org.openqa.selenium.remote.RemoteWebDriver.execute(RemoteWebDriver.java:552)
	at org.openqa.selenium.remote.RemoteWebDriver.startSession(RemoteWebDriver.java:213)
	at org.openqa.selenium.remote.RemoteWebDriver.&lt;init&gt;(RemoteWebDriver.java:131)
	at org.openqa.selenium.chrome.ChromeDriver.&lt;init&gt;(ChromeDriver.java:181)
	at org.openqa.selenium.chrome.ChromeDriver.&lt;init&gt;(ChromeDriver.java:168)
	at org.openqa.selenium.chrome.ChromeDriver.&lt;init&gt;(ChromeDriver.java:123)
	at com.acc.selenium_21_aug.Frame_DEMO_SELENIUMHQ.start(Frame_DEMO_SELENIUMHQ.java:15)
	at sun.reflect.NativeMethodAccessorImpl.invoke0(Native Method)
	at sun.reflect.NativeMethodAccessorImpl.invoke(Unknown Source)
	at sun.reflect.DelegatingMethodAccessorImpl.invoke(Unknown Source)
	at java.lang.reflect.Method.invoke(Unknown Source)
	at org.testng.internal.MethodInvocationHelper.invokeMethod(MethodInvocationHelper.java:86)
	at org.testng.internal.Invoker.invokeConfigurationMethod(Invoker.java:514)
	at org.testng.internal.Invoker.invokeConfigurations(Invoker.java:215)
	at org.testng.internal.Invoker.invokeConfigurations(Invoker.java:142)
	at org.testng.TestRunner.beforeRun(TestRunner.java:656)
	at org.testng.TestRunner.run(TestRunner.java:624)
	at org.testng.SuiteRunner.runTest(SuiteRunner.java:366)
	at org.testng.SuiteRunner.runSequentially(SuiteRunner.java:361)
	at org.testng.SuiteRunner.privateRun(SuiteRunner.java:319)
	at org.testng.SuiteRunner.run(SuiteRunner.java:268)
	at org.testng.SuiteRunnerWorker.runSuite(SuiteRunnerWorker.java:52)
	at org.testng.SuiteRunnerWorker.run(SuiteRunnerWorker.java:86)
	at org.testng.TestNG.runSuitesSequentially(TestNG.java:1244)
	at org.testng.TestNG.runSuitesLocally(TestNG.java:1169)
	at org.testng.TestNG.run(TestNG.java:1064)
	at org.testng.remote.RemoteTestNG.run(RemoteTestNG.java:113)
	at org.testng.remote.RemoteTestNG.initAndRun(RemoteTestNG.java:206)
	at org.testng.remote.RemoteTestNG.main(RemoteTestNG.java:177)
</pre></div></td>
<td>0</td>
<td>null</td></tr>
</table><p>
<table width='100%' border='1' class='invocation-skipped'>
<tr><td colspan='4' align='center'><b>SKIPPED CONFIGURATIONS</b></td></tr>
<tr><td><b>Test method</b></td>
<td width="30%"><b>Exception</b></td>
<td width="10%"><b>Time (seconds)</b></td>
<td><b>Instance</b></td>
</tr>
<tr>
<td title='com.acc.selenium_21_aug.Frame_DEMO_SELENIUMHQ.action1()'><b>action1</b><br>Test class: com.acc.selenium_21_aug.Frame_DEMO_SELENIUMHQ</td>
<td></td>
<td>0</td>
<td>null</td></tr>
<tr>
<td title='com.acc.selenium_21_aug.Frame_DEMO_SELENIUMHQ.beforeTest()'><b>beforeTest</b><br>Test class: com.acc.selenium_21_aug.Frame_DEMO_SELENIUMHQ</td>
<td></td>
<td>0</td>
<td>null</td></tr>
<tr>
<td title='com.acc.selenium_21_aug.Frame_DEMO_SELENIUMHQ.beforeTest()'><b>beforeTest</b><br>Test class: com.acc.selenium_21_aug.Frame_DEMO_SELENIUMHQ</td>
<td></td>
<td>0</td>
<td>null</td></tr>
<tr>
<td title='com.acc.selenium_21_aug.Frame_DEMO_SELENIUMHQ.launch_browser()'><b>launch_browser</b><br>Test class: com.acc.selenium_21_aug.Frame_DEMO_SELENIUMHQ</td>
<td></td>
<td>0</td>
<td>null</td></tr>
<tr>
<td title='com.acc.selenium_21_aug.Testng_demo1.beforeClass()'><b>beforeClass</b><br>Test class: com.acc.selenium_21_aug.Testng_demo1</td>
<td></td>
<td>0</td>
<td>com.acc.selenium_21_aug.Testng_demo1@1bb089b</td></tr>
<tr>
<td title='com.acc.selenium_21_aug.Testng_demo2.beforemethod()'><b>beforemethod</b><br>Test class: com.acc.selenium_21_aug.Testng_demo2</td>
<td></td>
<td>0</td>
<td>com.acc.selenium_21_aug.Testng_demo2@163e9ab</td></tr>
<tr>
<td title='com.acc.selenium_21_aug.Testng_demo2.beforemethod()'><b>beforemethod</b><br>Test class: com.acc.selenium_21_aug.Testng_demo2</td>
<td></td>
<td>0</td>
<td>com.acc.selenium_21_aug.Testng_demo2@163e9ab</td></tr>
<tr>
<td title='com.acc.selenium_21_aug.Testng_demo2.beforemethod()'><b>beforemethod</b><br>Test class: com.acc.selenium_21_aug.Testng_demo2</td>
<td></td>
<td>0</td>
<td>com.acc.selenium_21_aug.Testng_demo2@163e9ab</td></tr>
<tr>
<td title='com.acc.selenium_21_aug.Testng_demo1.beforeMethod()'><b>beforeMethod</b><br>Test class: com.acc.selenium_21_aug.Testng_demo1</td>
<td></td>
<td>0</td>
<td>com.acc.selenium_21_aug.Testng_demo1@1bb089b</td></tr>
<tr>
<td title='com.acc.selenium_21_aug.Testng_demo2.aftermethod()'><b>aftermethod</b><br>Test class: com.acc.selenium_21_aug.Testng_demo2</td>
<td></td>
<td>0</td>
<td>com.acc.selenium_21_aug.Testng_demo2@163e9ab</td></tr>
<tr>
<td title='com.acc.selenium_21_aug.Testng_demo2.aftermethod()'><b>aftermethod</b><br>Test class: com.acc.selenium_21_aug.Testng_demo2</td>
<td></td>
<td>0</td>
<td>com.acc.selenium_21_aug.Testng_demo2@163e9ab</td></tr>
<tr>
<td title='com.acc.selenium_21_aug.Testng_demo2.aftermethod()'><b>aftermethod</b><br>Test class: com.acc.selenium_21_aug.Testng_demo2</td>
<td></td>
<td>0</td>
<td>com.acc.selenium_21_aug.Testng_demo2@163e9ab</td></tr>
<tr>
<td title='com.acc.selenium_21_aug.Testng_demo1.afterMethod()'><b>afterMethod</b><br>Test class: com.acc.selenium_21_aug.Testng_demo1</td>
<td></td>
<td>0</td>
<td>com.acc.selenium_21_aug.Testng_demo1@1bb089b</td></tr>
<tr>
<td title='com.acc.selenium_21_aug.Testng_demo1.afterClass()'><b>afterClass</b><br>Test class: com.acc.selenium_21_aug.Testng_demo1</td>
<td></td>
<td>0</td>
<td>com.acc.selenium_21_aug.Testng_demo1@1bb089b</td></tr>
<tr>
<td title='com.acc.selenium_21_aug.Frame_DEMO_SELENIUMHQ.close_browser()'><b>close_browser</b><br>Test class: com.acc.selenium_21_aug.Frame_DEMO_SELENIUMHQ</td>
<td></td>
<td>0</td>
<td>null</td></tr>
<tr>
<td title='com.acc.selenium_21_aug.Frame_DEMO_SELENIUMHQ.afterTest()'><b>afterTest</b><br>Test class: com.acc.selenium_21_aug.Frame_DEMO_SELENIUMHQ</td>
<td></td>
<td>0</td>
<td>null</td></tr>
<tr>
<td title='com.acc.selenium_21_aug.Frame_DEMO_SELENIUMHQ.close_browser()'><b>close_browser</b><br>Test class: com.acc.selenium_21_aug.Frame_DEMO_SELENIUMHQ</td>
<td></td>
<td>0</td>
<td>null</td></tr>
</table><p>
<table width='100%' border='1' class='invocation-skipped'>
<tr><td colspan='4' align='center'><b>SKIPPED TESTS</b></td></tr>
<tr><td><b>Test method</b></td>
<td width="30%"><b>Exception</b></td>
<td width="10%"><b>Time (seconds)</b></td>
<td><b>Instance</b></td>
</tr>
<tr>
<td title='com.acc.selenium_21_aug.Testng_demo2.Gacebook()'><b>Gacebook</b><br>Test class: com.acc.selenium_21_aug.Testng_demo2</td>
<td></td>
<td>0</td>
<td>com.acc.selenium_21_aug.Testng_demo2@163e9ab</td></tr>
<tr>
<td title='com.acc.selenium_21_aug.Orderdetails_Testme_app.action2()'><b>action2</b><br>Test class: com.acc.selenium_21_aug.Orderdetails_Testme_app</td>
<td></td>
<td>0</td>
<td>com.acc.selenium_21_aug.Orderdetails_Testme_app@1531931</td></tr>
<tr>
<td title='com.acc.selenium_21_aug.jqueri_action_frame_demo.actionsClass()'><b>actionsClass</b><br>Test class: com.acc.selenium_21_aug.jqueri_action_frame_demo</td>
<td></td>
<td>0</td>
<td>com.acc.selenium_21_aug.jqueri_action_frame_demo@1c8e616</td></tr>
<tr>
<td title='com.acc.selenium_21_aug.Workbookcreatexlsx.f()'><b>f</b><br>Test class: com.acc.selenium_21_aug.Workbookcreatexlsx</td>
<td></td>
<td>0</td>
<td>com.acc.selenium_21_aug.Workbookcreatexlsx@f10a6f</td></tr>
<tr>
<td title='com.acc.selenium_21_aug.Testng_demo2.gmail()'><b>gmail</b><br>Test class: com.acc.selenium_21_aug.Testng_demo2</td>
<td></td>
<td>0</td>
<td>com.acc.selenium_21_aug.Testng_demo2@163e9ab</td></tr>
<tr>
<td title='com.acc.selenium_21_aug.Testng_demo2.google()'><b>google</b><br>Test class: com.acc.selenium_21_aug.Testng_demo2</td>
<td></td>
<td>0</td>
<td>com.acc.selenium_21_aug.Testng_demo2@163e9ab</td></tr>
<tr>
<td title='com.acc.selenium_21_aug.Hdfc_frame_demo.hdfc_frame()'><b>hdfc_frame</b><br>Test class: com.acc.selenium_21_aug.Hdfc_frame_demo</td>
<td></td>
<td>0</td>
<td>com.acc.selenium_21_aug.Hdfc_frame_demo@dbe50f</td></tr>
<tr>
<td title='com.acc.selenium_21_aug.Testng_demo1.login()'><b>login</b><br>Test class: com.acc.selenium_21_aug.Testng_demo1</td>
<td></td>
<td>0</td>
<td>com.acc.selenium_21_aug.Testng_demo1@1bb089b</td></tr>
<tr>
<td title='com.acc.selenium_21_aug.Rediff_alert_demo.rediff_alert()'><b>rediff_alert</b><br>Test class: com.acc.selenium_21_aug.Rediff_alert_demo</td>
<td></td>
<td>0</td>
<td>com.acc.selenium_21_aug.Rediff_alert_demo@25e70</td></tr>
<tr>
<td title='com.acc.selenium_21_aug.Rediff_create_account.registration()'><b>registration</b><br>Test class: com.acc.selenium_21_aug.Rediff_create_account</td>
<td></td>
<td>0</td>
<td>com.acc.selenium_21_aug.Rediff_create_account@66d33a</td></tr>
<tr>
<td title='com.acc.selenium_21_aug.Newtours_drop_down.registration()'><b>registration</b><br>Test class: com.acc.selenium_21_aug.Newtours_drop_down</td>
<td></td>
<td>0</td>
<td>com.acc.selenium_21_aug.Newtours_drop_down@babb1</td></tr>
<tr>
<td title='com.acc.selenium_21_aug.Frame_DEMO_SELENIUMHQ.start1()'><b>start1</b><br>Test class: com.acc.selenium_21_aug.Frame_DEMO_SELENIUMHQ</td>
<td></td>
<td>0</td>
<td>com.acc.selenium_21_aug.Frame_DEMO_SELENIUMHQ@1bc7afb</td></tr>
</table><p>
</body>
</html>