<?xml version="1.0" encoding="UTF-8"?>
<!-- Generated by org.testng.reporters.JUnitXMLReporter -->
<testsuite hostname="DDC5-L-2J9T5Q2" name="Test77" tests="12" failures="0" timestamp="21 Nov 2019 04:22:54 GMT" time="6.828" errors="0">
  <testcase name="@BeforeTest start" time="0.0" classname="com.acc.selenium_21_aug.Frame_DEMO_SELENIUMHQ">
    <failure type="org.openqa.selenium.SessionNotCreatedException" message="session not created: This version of ChromeDriver only supports Chrome version 76
Build info: version: &amp;apos;3.141.59&amp;apos;, revision: &amp;apos;e82be7d358&amp;apos;, time: &amp;apos;2018-11-14T08:25:48&amp;apos;
System info: host: &amp;apos;DDC5-L-2J9T5Q2&amp;apos;, ip: &amp;apos;10.214.142.28&amp;apos;, os.name: &amp;apos;Windows 10&amp;apos;, os.arch: &amp;apos;x86&amp;apos;, os.version: &amp;apos;10.0&amp;apos;, java.version: &amp;apos;1.8.0_231&amp;apos;
Driver info: driver.version: ChromeDriver
remote stacktrace: Backtrace:
	Ordinal0 [0x001A7C53+1473619]
	Ordinal0 [0x0012AD71+961905]
	Ordinal0 [0x000B42B3+475827]
	Ordinal0 [0x0004F365+62309]
	Ordinal0 [0x0004BC77+48247]
	Ordinal0 [0x00069149+168265]
	Ordinal0 [0x00068D1D+167197]
	Ordinal0 [0x0006742B+160811]
	Ordinal0 [0x00050AE6+68326]
	Ordinal0 [0x00051BF0+72688]
	Ordinal0 [0x00051B89+72585]
	Ordinal0 [0x00144B37+1067831]
	GetHandleVerifier [0x00246845+506677]
	GetHandleVerifier [0x002465E0+506064]
	GetHandleVerifier [0x0024D188+533624]
	GetHandleVerifier [0x0024701A+508682]
	Ordinal0 [0x0013C226+1032742]
	Ordinal0 [0x0013C09F+1032351]
	Ordinal0 [0x00146A4B+1075787]
	Ordinal0 [0x00146BB3+1076147]
	Ordinal0 [0x00145B65+1071973]
	BaseThreadInitThunk [0x76656359+25]
	RtlGetAppContainerNamedObjectPath [0x770A7B74+228]
	RtlGetAppContainerNamedObjectPath [0x770A7B44+180]
	(No symbol) [0x00000000]
">
      <![CDATA[org.openqa.selenium.SessionNotCreatedException: session not created: This version of ChromeDriver only supports Chrome version 76
Build info: version: '3.141.59', revision: 'e82be7d358', time: '2018-11-14T08:25:48'
System info: host: 'DDC5-L-2J9T5Q2', ip: '10.214.142.28', os.name: 'Windows 10', os.arch: 'x86', os.version: '10.0', java.version: '1.8.0_231'
Driver info: driver.version: ChromeDriver
remote stacktrace: Backtrace:
	Ordinal0 [0x001A7C53+1473619]
	Ordinal0 [0x0012AD71+961905]
	Ordinal0 [0x000B42B3+475827]
	Ordinal0 [0x0004F365+62309]
	Ordinal0 [0x0004BC77+48247]
	Ordinal0 [0x00069149+168265]
	Ordinal0 [0x00068D1D+167197]
	Ordinal0 [0x0006742B+160811]
	Ordinal0 [0x00050AE6+68326]
	Ordinal0 [0x00051BF0+72688]
	Ordinal0 [0x00051B89+72585]
	Ordinal0 [0x00144B37+1067831]
	GetHandleVerifier [0x00246845+506677]
	GetHandleVerifier [0x002465E0+506064]
	GetHandleVerifier [0x0024D188+533624]
	GetHandleVerifier [0x0024701A+508682]
	Ordinal0 [0x0013C226+1032742]
	Ordinal0 [0x0013C09F+1032351]
	Ordinal0 [0x00146A4B+1075787]
	Ordinal0 [0x00146BB3+1076147]
	Ordinal0 [0x00145B65+1071973]
	BaseThreadInitThunk [0x76656359+25]
	RtlGetAppContainerNamedObjectPath [0x770A7B74+228]
	RtlGetAppContainerNamedObjectPath [0x770A7B44+180]
	(No symbol) [0x00000000]

	at org.openqa.selenium.remote.W3CHandshakeResponse.lambda$errorHandler$0(W3CHandshakeResponse.java:62)
	at org.openqa.selenium.remote.HandshakeResponse.lambda$getResponseFunction$0(HandshakeResponse.java:30)
	at org.openqa.selenium.remote.ProtocolHandshake.lambda$createSession$0(ProtocolHandshake.java:126)
	at java.util.stream.ReferencePipeline$3$1.accept(Unknown Source)
	at java.util.Spliterators$ArraySpliterator.tryAdvance(Unknown Source)
	at java.util.stream.ReferencePipeline.forEachWithCancel(Unknown Source)
	at java.util.stream.AbstractPipeline.copyIntoWithCancel(Unknown Source)
	at java.util.stream.AbstractPipeline.copyInto(Unknown Source)
	at java.util.stream.AbstractPipeline.wrapAndCopyInto(Unknown Source)
	at java.util.stream.FindOps$FindOp.evaluateSequential(Unknown Source)
	at java.util.stream.AbstractPipeline.evaluate(Unknown Source)
	at java.util.stream.ReferencePipeline.findFirst(Unknown Source)
	at org.openqa.selenium.remote.ProtocolHandshake.createSession(ProtocolHandshake.java:128)
	at org.openqa.selenium.remote.ProtocolHandshake.createSession(ProtocolHandshake.java:74)
	at org.openqa.selenium.remote.HttpCommandExecutor.execute(HttpCommandExecutor.java:136)
	at org.openqa.selenium.remote.service.DriverCommandExecutor.execute(DriverCommandExecutor.java:83)
	at org.openqa.selenium.remote.RemoteWebDriver.execute(RemoteWebDriver.java:552)
	at org.openqa.selenium.remote.RemoteWebDriver.startSession(RemoteWebDriver.java:213)
	at org.openqa.selenium.remote.RemoteWebDriver.<init>(RemoteWebDriver.java:131)
	at org.openqa.selenium.chrome.ChromeDriver.<init>(ChromeDriver.java:181)
	at org.openqa.selenium.chrome.ChromeDriver.<init>(ChromeDriver.java:168)
	at org.openqa.selenium.chrome.ChromeDriver.<init>(ChromeDriver.java:123)
	at com.acc.selenium_21_aug.Frame_DEMO_SELENIUMHQ.start(Frame_DEMO_SELENIUMHQ.java:15)
... Removed 26 stack frames]]>
    </failure>
  </testcase> <!-- @BeforeTest start -->
  <testcase name="@BeforeTest action1" time="0.0" classname="com.acc.selenium_21_aug.Frame_DEMO_SELENIUMHQ">
    <skipped/>
  </testcase> <!-- @BeforeTest action1 -->
  <testcase name="@BeforeTest beforeTest" time="0.0" classname="com.acc.selenium_21_aug.Frame_DEMO_SELENIUMHQ">
    <skipped/>
  </testcase> <!-- @BeforeTest beforeTest -->
  <testcase name="@BeforeTest beforeTest" time="0.0" classname="com.acc.selenium_21_aug.Frame_DEMO_SELENIUMHQ">
    <skipped/>
  </testcase> <!-- @BeforeTest beforeTest -->
  <testcase name="@BeforeTest launch_browser" time="0.0" classname="com.acc.selenium_21_aug.Frame_DEMO_SELENIUMHQ">
    <skipped/>
  </testcase> <!-- @BeforeTest launch_browser -->
  <testcase name="@BeforeMethod beforemethod" time="0.0" classname="com.acc.selenium_21_aug.Testng_demo2">
    <skipped/>
  </testcase> <!-- @BeforeMethod beforemethod -->
  <testcase name="@AfterMethod aftermethod" time="0.0" classname="com.acc.selenium_21_aug.Testng_demo2">
    <skipped/>
  </testcase> <!-- @AfterMethod aftermethod -->
  <testcase name="@BeforeMethod beforemethod" time="0.0" classname="com.acc.selenium_21_aug.Testng_demo2">
    <skipped/>
  </testcase> <!-- @BeforeMethod beforemethod -->
  <testcase name="@AfterMethod aftermethod" time="0.0" classname="com.acc.selenium_21_aug.Testng_demo2">
    <skipped/>
  </testcase> <!-- @AfterMethod aftermethod -->
  <testcase name="@BeforeMethod beforemethod" time="0.0" classname="com.acc.selenium_21_aug.Testng_demo2">
    <skipped/>
  </testcase> <!-- @BeforeMethod beforemethod -->
  <testcase name="@AfterMethod aftermethod" time="0.0" classname="com.acc.selenium_21_aug.Testng_demo2">
    <skipped/>
  </testcase> <!-- @AfterMethod aftermethod -->
  <testcase name="@BeforeClass beforeClass" time="0.0" classname="com.acc.selenium_21_aug.Testng_demo1">
    <skipped/>
  </testcase> <!-- @BeforeClass beforeClass -->
  <testcase name="@BeforeMethod beforeMethod" time="0.0" classname="com.acc.selenium_21_aug.Testng_demo1">
    <skipped/>
  </testcase> <!-- @BeforeMethod beforeMethod -->
  <testcase name="@AfterMethod afterMethod" time="0.0" classname="com.acc.selenium_21_aug.Testng_demo1">
    <skipped/>
  </testcase> <!-- @AfterMethod afterMethod -->
  <testcase name="@AfterClass afterClass" time="0.0" classname="com.acc.selenium_21_aug.Testng_demo1">
    <skipped/>
  </testcase> <!-- @AfterClass afterClass -->
  <testcase name="@AfterTest close_browser" time="0.0" classname="com.acc.selenium_21_aug.Frame_DEMO_SELENIUMHQ">
    <skipped/>
  </testcase> <!-- @AfterTest close_browser -->
  <testcase name="@AfterTest afterTest" time="0.0" classname="com.acc.selenium_21_aug.Frame_DEMO_SELENIUMHQ">
    <skipped/>
  </testcase> <!-- @AfterTest afterTest -->
  <testcase name="@AfterTest close_browser" time="0.0" classname="com.acc.selenium_21_aug.Frame_DEMO_SELENIUMHQ">
    <skipped/>
  </testcase> <!-- @AfterTest close_browser -->
  <testcase name="Gacebook" time="0.001" classname="com.acc.selenium_21_aug.Testng_demo2">
    <skipped/>
  </testcase> <!-- Gacebook -->
  <testcase name="gmail" time="0.001" classname="com.acc.selenium_21_aug.Testng_demo2">
    <skipped/>
  </testcase> <!-- gmail -->
  <testcase name="google" time="0.001" classname="com.acc.selenium_21_aug.Testng_demo2">
    <skipped/>
  </testcase> <!-- google -->
  <testcase name="actionsClass" time="0.001" classname="com.acc.selenium_21_aug.jqueri_action_frame_demo">
    <skipped/>
  </testcase> <!-- actionsClass -->
  <testcase name="login" time="0.001" classname="com.acc.selenium_21_aug.Testng_demo1">
    <skipped/>
  </testcase> <!-- login -->
  <testcase name="hdfc_frame" time="0.001" classname="com.acc.selenium_21_aug.Hdfc_frame_demo">
    <skipped/>
  </testcase> <!-- hdfc_frame -->
  <testcase name="registration" time="0.0" classname="com.acc.selenium_21_aug.Rediff_create_account">
    <skipped/>
  </testcase> <!-- registration -->
  <testcase name="f" time="0.001" classname="com.acc.selenium_21_aug.Workbookcreatexlsx">
    <skipped/>
  </testcase> <!-- f -->
  <testcase name="action2" time="0.009" classname="com.acc.selenium_21_aug.Orderdetails_Testme_app">
    <skipped/>
  </testcase> <!-- action2 -->
  <testcase name="rediff_alert" time="0.001" classname="com.acc.selenium_21_aug.Rediff_alert_demo">
    <skipped/>
  </testcase> <!-- rediff_alert -->
  <testcase name="registration" time="0.001" classname="com.acc.selenium_21_aug.Newtours_drop_down">
    <skipped/>
  </testcase> <!-- registration -->
  <testcase name="start1" time="0.001" classname="com.acc.selenium_21_aug.Frame_DEMO_SELENIUMHQ">
    <skipped/>
  </testcase> <!-- start1 -->
</testsuite> <!-- Test77 -->
