<?xml version="1.0" encoding="UTF-8"?>
<!-- Generated by org.testng.reporters.JUnitXMLReporter -->
<testsuite hostname="DDC5-D-4VL4T72" name="Test" tests="1" failures="1" timestamp="6 Aug 2019 11:09:18 GMT" time="12.573" errors="0">
  <testcase name="login" time="10.612" classname="com.acc.selenium_maven_project.ExtentReportListener">
    <failure type="java.lang.AssertionError" message="expected [Google] but found [pravin]">
      <![CDATA[java.lang.AssertionError: expected [Google] but found [pravin]
	at com.acc.selenium_maven_project.ExtentReportListener.login(ExtentReportListener.java:141)
... Removed 29 stack frames]]>
    </failure>
  </testcase> <!-- login -->
</testsuite> <!-- Test -->
